Info: Starting: Create block symbol file (.bsf)
Info: qsys-generate E:\study\NIOII-demo2-waterLED\demo2_waterled.qsys --block-symbol-file --output-directory=E:\study\NIOII-demo2-waterLED\demo2_waterled\synthesis --family="Cyclone IV E" --part=EP4CE115F29C7
Progress: Loading NIOII-demo2-waterLED/demo2_waterled.qsys
Progress: Reading input file
Progress: Adding clk [clock_source 18.1]
Progress: Parameterizing module clk
Progress: Adding jtag_uart_0 [altera_avalon_jtag_uart 18.1]
Progress: Parameterizing module jtag_uart_0
Progress: Adding led [altera_avalon_pio 18.1]
Progress: Parameterizing module led
Progress: Adding nios2 [altera_nios2_gen2 18.1]
Progress: Parameterizing module nios2
Progress: Adding ram [altera_avalon_onchip_memory2 18.1]
Progress: Parameterizing module ram
Progress: Adding sysid_qsys_0 [altera_avalon_sysid_qsys 18.1]
Progress: Parameterizing module sysid_qsys_0
Progress: Building connections
Progress: Parameterizing connections
Progress: Validating
Progress: Done reading input file
Info: demo2_waterled.jtag_uart_0: JTAG UART IP input clock need to be at least double (2x) the operating frequency of JTAG TCK on board
Info: demo2_waterled.sysid_qsys_0: System ID is not assigned automatically. Edit the System ID parameter to provide a unique ID
Info: demo2_waterled.sysid_qsys_0: Time stamp will be automatically updated when this component is generated.
Info: qsys-generate succeeded.
Info: Finished: Create block symbol file (.bsf)
Info: 
Info: Starting: Create HDL design files for synthesis
Info: qsys-generate E:\study\NIOII-demo2-waterLED\demo2_waterled.qsys --synthesis=VERILOG --output-directory=E:\study\NIOII-demo2-waterLED\demo2_waterled\synthesis\synthesis --family="Cyclone IV E" --part=EP4CE115F29C7
Progress: Loading NIOII-demo2-waterLED/demo2_waterled.qsys
Progress: Reading input file
Progress: Adding clk [clock_source 18.1]
Progress: Parameterizing module clk
Progress: Adding jtag_uart_0 [altera_avalon_jtag_uart 18.1]
Progress: Parameterizing module jtag_uart_0
Progress: Adding led [altera_avalon_pio 18.1]
Progress: Parameterizing module led
Progress: Adding nios2 [altera_nios2_gen2 18.1]
Progress: Parameterizing module nios2
Progress: Adding ram [altera_avalon_onchip_memory2 18.1]
Progress: Parameterizing module ram
Progress: Adding sysid_qsys_0 [altera_avalon_sysid_qsys 18.1]
Progress: Parameterizing module sysid_qsys_0
Progress: Building connections
Progress: Parameterizing connections
Progress: Validating
Progress: Done reading input file
Info: demo2_waterled.jtag_uart_0: JTAG UART IP input clock need to be at least double (2x) the operating frequency of JTAG TCK on board
Info: demo2_waterled.sysid_qsys_0: System ID is not assigned automatically. Edit the System ID parameter to provide a unique ID
Info: demo2_waterled.sysid_qsys_0: Time stamp will be automatically updated when this component is generated.
Info: demo2_waterled: Generating demo2_waterled "demo2_waterled" for QUARTUS_SYNTH
Info: jtag_uart_0: Starting RTL generation for module 'demo2_waterled_jtag_uart_0'
Info: jtag_uart_0:   Generation command is [exec E:/software/intelfpga/18.1/quartus/bin64/perl/bin/perl.exe -I E:/software/intelfpga/18.1/quartus/bin64/perl/lib -I E:/software/intelfpga/18.1/quartus/sopc_builder/bin/europa -I E:/software/intelfpga/18.1/quartus/sopc_builder/bin/perl_lib -I E:/software/intelfpga/18.1/quartus/sopc_builder/bin -I E:/software/intelfpga/18.1/quartus/../ip/altera/sopc_builder_ip/common -I E:/software/intelfpga/18.1/quartus/../ip/altera/sopc_builder_ip/altera_avalon_jtag_uart -- E:/software/intelfpga/18.1/quartus/../ip/altera/sopc_builder_ip/altera_avalon_jtag_uart/generate_rtl.pl --name=demo2_waterled_jtag_uart_0 --dir=C:/Users/14365/AppData/Local/Temp/alt9855_7562340901872158715.dir/0002_jtag_uart_0_gen/ --quartus_dir=E:/software/intelfpga/18.1/quartus --verilog --config=C:/Users/14365/AppData/Local/Temp/alt9855_7562340901872158715.dir/0002_jtag_uart_0_gen//demo2_waterled_jtag_uart_0_component_configuration.pl  --do_build_sim=0  ]
Info: jtag_uart_0: Done RTL generation for module 'demo2_waterled_jtag_uart_0'
Info: jtag_uart_0: "demo2_waterled" instantiated altera_avalon_jtag_uart "jtag_uart_0"
Info: led: Starting RTL generation for module 'demo2_waterled_led'
Info: led:   Generation command is [exec E:/software/intelfpga/18.1/quartus/bin64/perl/bin/perl.exe -I E:/software/intelfpga/18.1/quartus/bin64/perl/lib -I E:/software/intelfpga/18.1/quartus/sopc_builder/bin/europa -I E:/software/intelfpga/18.1/quartus/sopc_builder/bin/perl_lib -I E:/software/intelfpga/18.1/quartus/sopc_builder/bin -I E:/software/intelfpga/18.1/quartus/../ip/altera/sopc_builder_ip/common -I E:/software/intelfpga/18.1/quartus/../ip/altera/sopc_builder_ip/altera_avalon_pio -- E:/software/intelfpga/18.1/quartus/../ip/altera/sopc_builder_ip/altera_avalon_pio/generate_rtl.pl --name=demo2_waterled_led --dir=C:/Users/14365/AppData/Local/Temp/alt9855_7562340901872158715.dir/0003_led_gen/ --quartus_dir=E:/software/intelfpga/18.1/quartus --verilog --config=C:/Users/14365/AppData/Local/Temp/alt9855_7562340901872158715.dir/0003_led_gen//demo2_waterled_led_component_configuration.pl  --do_build_sim=0  ]
Info: led: Done RTL generation for module 'demo2_waterled_led'
Info: led: "demo2_waterled" instantiated altera_avalon_pio "led"
Info: nios2: "demo2_waterled" instantiated altera_nios2_gen2 "nios2"
Info: ram: Starting RTL generation for module 'demo2_waterled_ram'
Info: ram:   Generation command is [exec E:/software/intelfpga/18.1/quartus/bin64/perl/bin/perl.exe -I E:/software/intelfpga/18.1/quartus/bin64/perl/lib -I E:/software/intelfpga/18.1/quartus/sopc_builder/bin/europa -I E:/software/intelfpga/18.1/quartus/sopc_builder/bin/perl_lib -I E:/software/intelfpga/18.1/quartus/sopc_builder/bin -I E:/software/intelfpga/18.1/quartus/../ip/altera/sopc_builder_ip/common -I E:/software/intelfpga/18.1/quartus/../ip/altera/sopc_builder_ip/altera_avalon_onchip_memory2 -- E:/software/intelfpga/18.1/quartus/../ip/altera/sopc_builder_ip/altera_avalon_onchip_memory2/generate_rtl.pl --name=demo2_waterled_ram --dir=C:/Users/14365/AppData/Local/Temp/alt9855_7562340901872158715.dir/0004_ram_gen/ --quartus_dir=E:/software/intelfpga/18.1/quartus --verilog --config=C:/Users/14365/AppData/Local/Temp/alt9855_7562340901872158715.dir/0004_ram_gen//demo2_waterled_ram_component_configuration.pl  --do_build_sim=0  ]
Info: ram: Done RTL generation for module 'demo2_waterled_ram'
Info: ram: "demo2_waterled" instantiated altera_avalon_onchip_memory2 "ram"
Info: sysid_qsys_0: "demo2_waterled" instantiated altera_avalon_sysid_qsys "sysid_qsys_0"
Info: avalon_st_adapter: Inserting error_adapter: error_adapter_0
Info: avalon_st_adapter_001: Inserting error_adapter: error_adapter_0
Info: avalon_st_adapter_002: Inserting error_adapter: error_adapter_0
Info: avalon_st_adapter_003: Inserting error_adapter: error_adapter_0
Info: avalon_st_adapter_004: Inserting error_adapter: error_adapter_0
Info: mm_interconnect_0: "demo2_waterled" instantiated altera_mm_interconnect "mm_interconnect_0"
Info: irq_mapper: "demo2_waterled" instantiated altera_irq_mapper "irq_mapper"
Info: rst_controller: "demo2_waterled" instantiated altera_reset_controller "rst_controller"
Info: cpu: Starting RTL generation for module 'demo2_waterled_nios2_cpu'
Info: cpu:   Generation command is [exec E:/software/intelFPGA/18.1/quartus/bin64//eperlcmd.exe -I E:/software/intelFPGA/18.1/quartus/bin64//perl/lib -I E:/software/intelfpga/18.1/quartus/sopc_builder/bin/europa -I E:/software/intelfpga/18.1/quartus/sopc_builder/bin/perl_lib -I E:/software/intelfpga/18.1/quartus/sopc_builder/bin -I E:/software/intelfpga/18.1/quartus/../ip/altera/nios2_ip/altera_nios2_gen2/cpu_lib -I E:/software/intelfpga/18.1/quartus/../ip/altera/nios2_ip/altera_nios2_gen2/nios_lib -I E:/software/intelfpga/18.1/quartus/../ip/altera/nios2_ip/altera_nios2_gen2 -I E:/software/intelfpga/18.1/quartus/../ip/altera/nios2_ip/altera_nios2_gen2 -- E:/software/intelfpga/18.1/quartus/../ip/altera/nios2_ip/altera_nios2_gen2/generate_rtl.epl --name=demo2_waterled_nios2_cpu --dir=C:/Users/14365/AppData/Local/Temp/alt9855_7562340901872158715.dir/0008_cpu_gen/ --quartus_bindir=E:/software/intelFPGA/18.1/quartus/bin64/ --verilog --config=C:/Users/14365/AppData/Local/Temp/alt9855_7562340901872158715.dir/0008_cpu_gen//demo2_waterled_nios2_cpu_processor_configuration.pl  --do_build_sim=0  ]
Info: cpu: # 2024.05.12 10:34:16 (*) Starting Nios II generation
Info: cpu: # 2024.05.12 10:34:16 (*)   Checking for plaintext license.
Info: cpu: # 2024.05.12 10:34:17 (*)   Couldn't query license setup in Quartus directory E:/software/intelFPGA/18.1/quartus/bin64/
Info: cpu: # 2024.05.12 10:34:17 (*)   Defaulting to contents of LM_LICENSE_FILE environment variable
Info: cpu: # 2024.05.12 10:34:17 (*)   LM_LICENSE_FILE environment variable is empty
Info: cpu: # 2024.05.12 10:34:17 (*)   Plaintext license not found.
Info: cpu: # 2024.05.12 10:34:17 (*)   Checking for encrypted license (non-evaluation).
Info: cpu: # 2024.05.12 10:34:17 (*)   Couldn't query license setup in Quartus directory E:/software/intelFPGA/18.1/quartus/bin64/
Info: cpu: # 2024.05.12 10:34:17 (*)   Defaulting to contents of LM_LICENSE_FILE environment variable
Info: cpu: # 2024.05.12 10:34:17 (*)   LM_LICENSE_FILE environment variable is empty
Info: cpu: # 2024.05.12 10:34:17 (*)   Encrypted license found.  SOF will not be time-limited.
Info: cpu: # 2024.05.12 10:34:17 (*)   Elaborating CPU configuration settings
Info: cpu: # 2024.05.12 10:34:17 (*)   Creating all objects for CPU
Info: cpu: # 2024.05.12 10:34:17 (*)     Testbench
Info: cpu: # 2024.05.12 10:34:18 (*)     Instruction decoding
Info: cpu: # 2024.05.12 10:34:18 (*)       Instruction fields
Info: cpu: # 2024.05.12 10:34:18 (*)       Instruction decodes
Info: cpu: # 2024.05.12 10:34:18 (*)       Signals for RTL simulation waveforms
Info: cpu: # 2024.05.12 10:34:18 (*)       Instruction controls
Info: cpu: # 2024.05.12 10:34:18 (*)     Pipeline frontend
Info: cpu: # 2024.05.12 10:34:18 (*)     Pipeline backend
Info: cpu: # 2024.05.12 10:34:20 (*)   Generating RTL from CPU objects
Info: cpu: # 2024.05.12 10:34:22 (*)   Creating encrypted RTL
Info: cpu: # 2024.05.12 10:34:22 (*) Done Nios II generation
Info: cpu: Done RTL generation for module 'demo2_waterled_nios2_cpu'
Info: cpu: "nios2" instantiated altera_nios2_gen2_unit "cpu"
Info: nios2_data_master_translator: "mm_interconnect_0" instantiated altera_merlin_master_translator "nios2_data_master_translator"
Info: jtag_uart_0_avalon_jtag_slave_translator: "mm_interconnect_0" instantiated altera_merlin_slave_translator "jtag_uart_0_avalon_jtag_slave_translator"
Info: nios2_data_master_agent: "mm_interconnect_0" instantiated altera_merlin_master_agent "nios2_data_master_agent"
Info: jtag_uart_0_avalon_jtag_slave_agent: "mm_interconnect_0" instantiated altera_merlin_slave_agent "jtag_uart_0_avalon_jtag_slave_agent"
Info: jtag_uart_0_avalon_jtag_slave_agent_rsp_fifo: "mm_interconnect_0" instantiated altera_avalon_sc_fifo "jtag_uart_0_avalon_jtag_slave_agent_rsp_fifo"
Info: router: "mm_interconnect_0" instantiated altera_merlin_router "router"
Info: router_001: "mm_interconnect_0" instantiated altera_merlin_router "router_001"
Info: router_002: "mm_interconnect_0" instantiated altera_merlin_router "router_002"
Info: router_004: "mm_interconnect_0" instantiated altera_merlin_router "router_004"
Info: nios2_data_master_limiter: "mm_interconnect_0" instantiated altera_merlin_traffic_limiter "nios2_data_master_limiter"
Info: Reusing file E:/study/NIOII-demo2-waterLED/demo2_waterled/synthesis/synthesis/submodules/altera_avalon_sc_fifo.v
Info: cmd_demux: "mm_interconnect_0" instantiated altera_merlin_demultiplexer "cmd_demux"
Info: cmd_demux_001: "mm_interconnect_0" instantiated altera_merlin_demultiplexer "cmd_demux_001"
Info: cmd_mux: "mm_interconnect_0" instantiated altera_merlin_multiplexer "cmd_mux"
Info: cmd_mux_002: "mm_interconnect_0" instantiated altera_merlin_multiplexer "cmd_mux_002"
Info: Reusing file E:/study/NIOII-demo2-waterLED/demo2_waterled/synthesis/synthesis/submodules/altera_merlin_arbitrator.sv
Info: rsp_demux: "mm_interconnect_0" instantiated altera_merlin_demultiplexer "rsp_demux"
Info: rsp_demux_002: "mm_interconnect_0" instantiated altera_merlin_demultiplexer "rsp_demux_002"
Info: rsp_mux: "mm_interconnect_0" instantiated altera_merlin_multiplexer "rsp_mux"
Info: Reusing file E:/study/NIOII-demo2-waterLED/demo2_waterled/synthesis/synthesis/submodules/altera_merlin_arbitrator.sv
Info: rsp_mux_001: "mm_interconnect_0" instantiated altera_merlin_multiplexer "rsp_mux_001"
Info: Reusing file E:/study/NIOII-demo2-waterLED/demo2_waterled/synthesis/synthesis/submodules/altera_merlin_arbitrator.sv
Info: avalon_st_adapter: "mm_interconnect_0" instantiated altera_avalon_st_adapter "avalon_st_adapter"
Info: error_adapter_0: "avalon_st_adapter" instantiated error_adapter "error_adapter_0"
Info: demo2_waterled: Done "demo2_waterled" with 30 modules, 50 files
Info: qsys-generate succeeded.
Info: Finished: Create HDL design files for synthesis
