Analysis & Synthesis report for VGA_demo1
Tue May 21 14:50:59 2024
Quartus Prime Version 18.1.0 Build 625 09/12/2018 SJ Standard Edition


---------------------
; Table of Contents ;
---------------------
  1. Legal Notice
  2. Analysis & Synthesis Summary
  3. Analysis & Synthesis Settings
  4. Parallel Compilation
  5. Analysis & Synthesis Source Files Read
  6. Analysis & Synthesis Resource Usage Summary
  7. Analysis & Synthesis Resource Utilization by Entity
  8. Registers Removed During Synthesis
  9. General Register Statistics
 10. Multiplexer Restructuring Statistics (Restructuring Performed)
 11. Parameter Settings for User Entity Instance: Top-level Entity: |vga
 12. Post-Synthesis Netlist Statistics for Top Partition
 13. Elapsed Time Per Partition
 14. Analysis & Synthesis Messages



----------------
; Legal Notice ;
----------------
Copyright (C) 2018  Intel Corporation. All rights reserved.
Your use of Intel Corporation's design tools, logic functions 
and other software and tools, and its AMPP partner logic 
functions, and any output files from any of the foregoing 
(including device programming or simulation files), and any 
associated documentation or information are expressly subject 
to the terms and conditions of the Intel Program License 
Subscription Agreement, the Intel Quartus Prime License Agreement,
the Intel FPGA IP License Agreement, or other applicable license
agreement, including, without limitation, that your use is for
the sole purpose of programming logic devices manufactured by
Intel and sold by Intel or its authorized distributors.  Please
refer to the applicable agreement for further details.



+--------------------------------------------------------------------------------------+
; Analysis & Synthesis Summary                                                         ;
+------------------------------------+-------------------------------------------------+
; Analysis & Synthesis Status        ; Successful - Tue May 21 14:50:59 2024           ;
; Quartus Prime Version              ; 18.1.0 Build 625 09/12/2018 SJ Standard Edition ;
; Revision Name                      ; VGA_demo1                                       ;
; Top-level Entity Name              ; vga                                             ;
; Family                             ; Cyclone IV E                                    ;
; Total logic elements               ; 306                                             ;
;     Total combinational functions  ; 303                                             ;
;     Dedicated logic registers      ; 59                                              ;
; Total registers                    ; 59                                              ;
; Total pins                         ; 30                                              ;
; Total virtual pins                 ; 0                                               ;
; Total memory bits                  ; 0                                               ;
; Embedded Multiplier 9-bit elements ; 0                                               ;
; Total PLLs                         ; 0                                               ;
+------------------------------------+-------------------------------------------------+


+------------------------------------------------------------------------------------------------------------+
; Analysis & Synthesis Settings                                                                              ;
+------------------------------------------------------------------+--------------------+--------------------+
; Option                                                           ; Setting            ; Default Value      ;
+------------------------------------------------------------------+--------------------+--------------------+
; Device                                                           ; EP4CE115F29C7      ;                    ;
; Top-level entity name                                            ; vga                ; VGA_demo1          ;
; Family name                                                      ; Cyclone IV E       ; Cyclone V          ;
; Use smart compilation                                            ; Off                ; Off                ;
; Enable parallel Assembler and Timing Analyzer during compilation ; On                 ; On                 ;
; Enable compact report table                                      ; Off                ; Off                ;
; Restructure Multiplexers                                         ; Auto               ; Auto               ;
; Create Debugging Nodes for IP Cores                              ; Off                ; Off                ;
; Preserve fewer node names                                        ; On                 ; On                 ;
; Intel FPGA IP Evaluation Mode                                    ; Enable             ; Enable             ;
; Verilog Version                                                  ; Verilog_2001       ; Verilog_2001       ;
; VHDL Version                                                     ; VHDL_1993          ; VHDL_1993          ;
; State Machine Processing                                         ; Auto               ; Auto               ;
; Safe State Machine                                               ; Off                ; Off                ;
; Extract Verilog State Machines                                   ; On                 ; On                 ;
; Extract VHDL State Machines                                      ; On                 ; On                 ;
; Ignore Verilog initial constructs                                ; Off                ; Off                ;
; Iteration limit for constant Verilog loops                       ; 5000               ; 5000               ;
; Iteration limit for non-constant Verilog loops                   ; 250                ; 250                ;
; Add Pass-Through Logic to Inferred RAMs                          ; On                 ; On                 ;
; Infer RAMs from Raw Logic                                        ; On                 ; On                 ;
; Parallel Synthesis                                               ; On                 ; On                 ;
; DSP Block Balancing                                              ; Auto               ; Auto               ;
; NOT Gate Push-Back                                               ; On                 ; On                 ;
; Power-Up Don't Care                                              ; On                 ; On                 ;
; Remove Redundant Logic Cells                                     ; Off                ; Off                ;
; Remove Duplicate Registers                                       ; On                 ; On                 ;
; Ignore CARRY Buffers                                             ; Off                ; Off                ;
; Ignore CASCADE Buffers                                           ; Off                ; Off                ;
; Ignore GLOBAL Buffers                                            ; Off                ; Off                ;
; Ignore ROW GLOBAL Buffers                                        ; Off                ; Off                ;
; Ignore LCELL Buffers                                             ; Off                ; Off                ;
; Ignore SOFT Buffers                                              ; On                 ; On                 ;
; Limit AHDL Integers to 32 Bits                                   ; Off                ; Off                ;
; Optimization Technique                                           ; Balanced           ; Balanced           ;
; Carry Chain Length                                               ; 70                 ; 70                 ;
; Auto Carry Chains                                                ; On                 ; On                 ;
; Auto Open-Drain Pins                                             ; On                 ; On                 ;
; Perform WYSIWYG Primitive Resynthesis                            ; Off                ; Off                ;
; Auto ROM Replacement                                             ; On                 ; On                 ;
; Auto RAM Replacement                                             ; On                 ; On                 ;
; Auto DSP Block Replacement                                       ; On                 ; On                 ;
; Auto Shift Register Replacement                                  ; Auto               ; Auto               ;
; Allow Shift Register Merging across Hierarchies                  ; Auto               ; Auto               ;
; Auto Clock Enable Replacement                                    ; On                 ; On                 ;
; Strict RAM Replacement                                           ; Off                ; Off                ;
; Allow Synchronous Control Signals                                ; On                 ; On                 ;
; Force Use of Synchronous Clear Signals                           ; Off                ; Off                ;
; Auto RAM Block Balancing                                         ; On                 ; On                 ;
; Auto RAM to Logic Cell Conversion                                ; Off                ; Off                ;
; Auto Resource Sharing                                            ; Off                ; Off                ;
; Allow Any RAM Size For Recognition                               ; Off                ; Off                ;
; Allow Any ROM Size For Recognition                               ; Off                ; Off                ;
; Allow Any Shift Register Size For Recognition                    ; Off                ; Off                ;
; Use LogicLock Constraints during Resource Balancing              ; On                 ; On                 ;
; Ignore translate_off and synthesis_off directives                ; Off                ; Off                ;
; Timing-Driven Synthesis                                          ; On                 ; On                 ;
; Report Parameter Settings                                        ; On                 ; On                 ;
; Report Source Assignments                                        ; On                 ; On                 ;
; Report Connectivity Checks                                       ; On                 ; On                 ;
; Ignore Maximum Fan-Out Assignments                               ; Off                ; Off                ;
; Synchronization Register Chain Length                            ; 2                  ; 2                  ;
; Power Optimization During Synthesis                              ; Normal compilation ; Normal compilation ;
; HDL message level                                                ; Level2             ; Level2             ;
; Suppress Register Optimization Related Messages                  ; Off                ; Off                ;
; Number of Removed Registers Reported in Synthesis Report         ; 5000               ; 5000               ;
; Number of Swept Nodes Reported in Synthesis Report               ; 5000               ; 5000               ;
; Number of Inverted Registers Reported in Synthesis Report        ; 100                ; 100                ;
; Clock MUX Protection                                             ; On                 ; On                 ;
; Auto Gated Clock Conversion                                      ; Off                ; Off                ;
; Block Design Naming                                              ; Auto               ; Auto               ;
; SDC constraint protection                                        ; Off                ; Off                ;
; Synthesis Effort                                                 ; Auto               ; Auto               ;
; Shift Register Replacement - Allow Asynchronous Clear Signal     ; On                 ; On                 ;
; Pre-Mapping Resynthesis Optimization                             ; Off                ; Off                ;
; Analysis & Synthesis Message Level                               ; Medium             ; Medium             ;
; Disable Register Merging Across Hierarchies                      ; Auto               ; Auto               ;
; Resource Aware Inference For Block RAM                           ; On                 ; On                 ;
+------------------------------------------------------------------+--------------------+--------------------+


+------------------------------------------+
; Parallel Compilation                     ;
+----------------------------+-------------+
; Processors                 ; Number      ;
+----------------------------+-------------+
; Number detected on machine ; 16          ;
; Maximum allowed            ; 16          ;
;                            ;             ;
; Average used               ; 1.00        ;
; Maximum used               ; 16          ;
;                            ;             ;
; Usage by Processor         ; % Time Used ;
;     Processor 1            ; 100.0%      ;
;     Processor 2            ;   0.0%      ;
;     Processors 3-16        ;   0.0%      ;
+----------------------------+-------------+


+----------------------------------------------------------------------------------------------------------------------+
; Analysis & Synthesis Source Files Read                                                                               ;
+----------------------------------+-----------------+------------------------+------------------------------+---------+
; File Name with User-Entered Path ; Used in Netlist ; File Type              ; File Name with Absolute Path ; Library ;
+----------------------------------+-----------------+------------------------+------------------------------+---------+
; ../rtl/vga.v                     ; yes             ; User Verilog HDL File  ; E:/study/VGA_v/rtl/vga.v     ;         ;
+----------------------------------+-----------------+------------------------+------------------------------+---------+


+-----------------------------------------------------------+
; Analysis & Synthesis Resource Usage Summary               ;
+---------------------------------------------+-------------+
; Resource                                    ; Usage       ;
+---------------------------------------------+-------------+
; Estimated Total logic elements              ; 306         ;
;                                             ;             ;
; Total combinational functions               ; 303         ;
; Logic element usage by number of LUT inputs ;             ;
;     -- 4 input functions                    ; 211         ;
;     -- 3 input functions                    ; 32          ;
;     -- <=2 input functions                  ; 60          ;
;                                             ;             ;
; Logic elements by mode                      ;             ;
;     -- normal mode                          ; 263         ;
;     -- arithmetic mode                      ; 40          ;
;                                             ;             ;
; Total registers                             ; 59          ;
;     -- Dedicated logic registers            ; 59          ;
;     -- I/O registers                        ; 0           ;
;                                             ;             ;
; I/O pins                                    ; 30          ;
;                                             ;             ;
; Embedded Multiplier 9-bit elements          ; 0           ;
;                                             ;             ;
; Maximum fan-out node                        ; char_bit[0] ;
; Maximum fan-out                             ; 85          ;
; Total fan-out                               ; 1263        ;
; Average fan-out                             ; 2.99        ;
+---------------------------------------------+-------------+


+----------------------------------------------------------------------------------------------------------------------------------------------------------------------------------------------------------+
; Analysis & Synthesis Resource Utilization by Entity                                                                                                                                                      ;
+----------------------------+---------------------+---------------------------+-------------+--------------+---------+-----------+------+--------------+---------------------+-------------+--------------+
; Compilation Hierarchy Node ; Combinational ALUTs ; Dedicated Logic Registers ; Memory Bits ; DSP Elements ; DSP 9x9 ; DSP 18x18 ; Pins ; Virtual Pins ; Full Hierarchy Name ; Entity Name ; Library Name ;
+----------------------------+---------------------+---------------------------+-------------+--------------+---------+-----------+------+--------------+---------------------+-------------+--------------+
; |vga                       ; 303 (303)           ; 59 (59)                   ; 0           ; 0            ; 0       ; 0         ; 30   ; 0            ; |vga                ; vga         ; work         ;
+----------------------------+---------------------+---------------------------+-------------+--------------+---------+-----------+------+--------------+---------------------+-------------+--------------+
Note: For table entries with two numbers listed, the numbers in parentheses indicate the number of resources of the given type used by the specific entity alone. The numbers listed outside of parentheses indicate the total resources of the given type used by the specific entity and all of its sub-entities in the hierarchy.


+---------------------------------------------------------------------------------+
; Registers Removed During Synthesis                                              ;
+----------------------------------------+----------------------------------------+
; Register name                          ; Reason for Removal                     ;
+----------------------------------------+----------------------------------------+
; vga_rgb[0..19]                         ; Stuck at GND due to stuck port data_in ;
; Total Number of Removed Registers = 20 ;                                        ;
+----------------------------------------+----------------------------------------+


+------------------------------------------------------+
; General Register Statistics                          ;
+----------------------------------------------+-------+
; Statistic                                    ; Value ;
+----------------------------------------------+-------+
; Total registers                              ; 59    ;
; Number of registers using Synchronous Clear  ; 45    ;
; Number of registers using Synchronous Load   ; 0     ;
; Number of registers using Asynchronous Clear ; 0     ;
; Number of registers using Asynchronous Load  ; 0     ;
; Number of registers using Clock Enable       ; 8     ;
; Number of registers using Preset             ; 0     ;
+----------------------------------------------+-------+


+------------------------------------------------------------------------------------------------------------------------------------------+
; Multiplexer Restructuring Statistics (Restructuring Performed)                                                                           ;
+--------------------+-----------+---------------+----------------------+------------------------+------------+----------------------------+
; Multiplexer Inputs ; Bus Width ; Baseline Area ; Area if Restructured ; Saving if Restructured ; Registered ; Example Multiplexer Output ;
+--------------------+-----------+---------------+----------------------+------------------------+------------+----------------------------+
; 3:1                ; 8 bits    ; 16 LEs        ; 8 LEs                ; 8 LEs                  ; Yes        ; |vga|char_bit[7]           ;
+--------------------+-----------+---------------+----------------------+------------------------+------------+----------------------------+


+-----------------------------------------------------------------------------------------------------------------------------------------------------------------------------------------------------------------------------------------------------------------------------------------------------+
; Parameter Settings for User Entity Instance: Top-level Entity: |vga                                                                                                                                                                                                                                 ;
+----------------+------------------------------------------------------------------------------------------------------------------------------------------------------------------------------------------------------------------------------------------------------------------+-----------------+
; Parameter Name ; Value                                                                                                                                                                                                                                                            ; Type            ;
+----------------+------------------------------------------------------------------------------------------------------------------------------------------------------------------------------------------------------------------------------------------------------------------+-----------------+
; H_FRONT        ; 16                                                                                                                                                                                                                                                               ; Signed Integer  ;
; H_SYNC         ; 96                                                                                                                                                                                                                                                               ; Signed Integer  ;
; H_BACK         ; 48                                                                                                                                                                                                                                                               ; Signed Integer  ;
; H_ACT          ; 640                                                                                                                                                                                                                                                              ; Signed Integer  ;
; H_BLANK        ; 160                                                                                                                                                                                                                                                              ; Signed Integer  ;
; H_TOTAL        ; 800                                                                                                                                                                                                                                                              ; Signed Integer  ;
; V_FRONT        ; 11                                                                                                                                                                                                                                                               ; Signed Integer  ;
; V_SYNC         ; 2                                                                                                                                                                                                                                                                ; Signed Integer  ;
; V_BACK         ; 31                                                                                                                                                                                                                                                               ; Signed Integer  ;
; V_ACT          ; 480                                                                                                                                                                                                                                                              ; Signed Integer  ;
; V_BLANK        ; 44                                                                                                                                                                                                                                                               ; Signed Integer  ;
; V_TOTAL        ; 524                                                                                                                                                                                                                                                              ; Signed Integer  ;
; char_line00    ; 0000000000000000001000010000010000000000001000000000000000000000000000000000000000000000000000000000000000000000000000000000000000000000000000000000000000000000000000000000000000000000000000000000000000000000000000000000000000000000000000000000000000000000 ; Unsigned Binary ;
; char_line01    ; 0001111111110000000100001000010000000010001000100000000000000000000000000000000000000000000000000000000000000000000000000000000000000000000000000000000000000000000000000000000000000000000000000000000000000000000000000000000000000000000000000000000000000000 ; Unsigned Binary ;
; char_line02    ; 0001000000010000000100001000100011111010001000100000000000000000000000000000000000000000000000000000000000000000000000000000000000000000000000000000000000000000000000000000000000000000000000000000000000000000000000000000000000000000000000000000000000000000 ; Unsigned Binary ;
; char_line03    ; 0001000000010000111110000000000000100010001000100000000000000000000001111111000000001111111000000000111111110000000000001000000000000111111000000001111111111100000001111110000000000111111100000000011111100000000011111110000000001111111100000000111111100000 ; Unsigned Binary ;
; char_line04    ; 0001000000010000000010111111111000100011111111100000000000000000000010000001100000110000000110000011000000011000000001111000000000011000000110000011000000001000000110000001100000001000000110000001100000011000001100000001100000110000000110000011000000011000 ; Unsigned Binary ;
; char_line05    ; 0001000000010000000100000010000000100000000000000000000000000000000100000000000000111000000110000011100000001100000000011000000000111000000111000010000000010000001110000001110000010000000000000011100000011100001110000001100000111000000011000011100000011000 ; Unsigned Binary ;
; char_line06    ; 0001111111110000000100000010000000100111111111100000000000000000001100000000000000000000000110000001000000011000000000011000000000110000000011000000000000100000001100000000110000110000000000000011000000001100000000000001100000010000000110000000000000011000 ; Unsigned Binary ;
; char_line07    ; 0000000000000000001110011111110011111000001000000000000000000000001101111111000000000000011000000000000000011000000000011000000000110000000011000000000001000000001100000000110000110111111100000011000000001100000000000110000000000000000110000000000001100000 ; Unsigned Binary ;
; char_line08    ; 0000000000000000010101000010000000100000010000000000000000000000001110000000110000000001111100000000000001100000000000011000000000110000000011000000000010000000001100000000110000111000000011000011000000001100000000011111000000000000011000000000000111110000 ; Unsigned Binary ;
; char_line09    ; 0011111111111000100100000010000000100011111111100000000000000000001100000000110000000000000110000000000110000000000000011000000000110000000011000000000110000000001100000000110000110000000011000011000000001100000000000001100000000001100000000000000000011000 ; Unsigned Binary ;
; char_line0a    ; 0010000000001000000100111111111000100010010100100000000000000000001100000000110000000000000011000000011000000000000000011000000000110000000011000000001100000000001100000000110000110000000011000011000000001100000000000000110000000110000000000000000000001100 ; Unsigned Binary ;
; char_line0b    ; 0010000000001000000100000010000000111010010100100000000000000000001100000000110000111000000011000000100000000100000000011000000000111000000110000000001100000000001110000001100000110000000011000011100000011000001110000000110000001000000001000011100000001100 ; Unsigned Binary ;
; char_line0c    ; 0010000000001000000100000010000011100010010100100000000000000000000110000001100000110000000110000011000000001100000000011000000000011100000100000000001110000000000111000001000000011000000110000001110000010000001100000001100000110000000011000011000000011000 ; Unsigned Binary ;
; char_line0d    ; 0010000000001000000100000010000001000010010100100000000000000000000001111110000000001111111000000011111111111000000011111111100000000111111000000000001100000000000001111110000000000111111000000000011111100000000011111110000000111111111110000000111111100000 ; Unsigned Binary ;
; char_line0e    ; 0011111111111000000100000010000000000010010100100000000000000000000000000000000000000000000000000000000000000000000000000000000000000000000000000000000000000000000000000000000000000000000000000000000000000000000000000000000000000000000000000000000000000000 ; Unsigned Binary ;
; char_line0f    ; 0010000000001000000100000010000000000010000001100000000000000000000000000000000000000000000000000000000000000000000000000000000000000000000000000000000000000000000000000000000000000000000000000000000000000000000000000000000000000000000000000000000000000000 ; Unsigned Binary ;
+----------------+------------------------------------------------------------------------------------------------------------------------------------------------------------------------------------------------------------------------------------------------------------------+-----------------+
Note: In order to hide this table in the UI and the text report file, please set the "Show Parameter Settings in Synthesis Report" option in "Analysis and Synthesis Settings -> More Settings" to "Off".


+-----------------------------------------------------+
; Post-Synthesis Netlist Statistics for Top Partition ;
+-----------------------+-----------------------------+
; Type                  ; Count                       ;
+-----------------------+-----------------------------+
; boundary_port         ; 30                          ;
; cycloneiii_ff         ; 59                          ;
;     ENA SCLR          ; 8                           ;
;     SCLR              ; 37                          ;
;     plain             ; 14                          ;
; cycloneiii_lcell_comb ; 306                         ;
;     arith             ; 40                          ;
;         2 data inputs ; 40                          ;
;     normal            ; 266                         ;
;         0 data inputs ; 1                           ;
;         1 data inputs ; 8                           ;
;         2 data inputs ; 14                          ;
;         3 data inputs ; 32                          ;
;         4 data inputs ; 211                         ;
;                       ;                             ;
; Max LUT depth         ; 9.00                        ;
; Average LUT depth     ; 5.20                        ;
+-----------------------+-----------------------------+


+-------------------------------+
; Elapsed Time Per Partition    ;
+----------------+--------------+
; Partition Name ; Elapsed Time ;
+----------------+--------------+
; Top            ; 00:00:02     ;
+----------------+--------------+


+-------------------------------+
; Analysis & Synthesis Messages ;
+-------------------------------+
Info: *******************************************************************
Info: Running Quartus Prime Analysis & Synthesis
    Info: Version 18.1.0 Build 625 09/12/2018 SJ Standard Edition
    Info: Processing started: Tue May 21 14:50:45 2024
Info: Command: quartus_map --read_settings_files=on --write_settings_files=off VGA_demo1 -c VGA_demo1
Warning (18236): Number of processors has not been specified which may cause overloading on shared machines.  Set the global assignment NUM_PARALLEL_PROCESSORS in your QSF to an appropriate value for best performance.
Info (20030): Parallel compilation is enabled and will use 16 of the 16 processors detected
Info (12021): Found 1 design units, including 1 entities, in source file /study/vga_v/rtl/vga.v
    Info (12023): Found entity 1: vga File: E:/study/VGA_v/rtl/vga.v Line: 1
Warning (10229): Verilog HDL Expression warning at VGA_colorbar_test.v(169): truncated literal to match 30 bits File: E:/study/VGA_v/rtl/VGA_colorbar_test.v Line: 169
Warning (10229): Verilog HDL Expression warning at VGA_colorbar_test.v(172): truncated literal to match 30 bits File: E:/study/VGA_v/rtl/VGA_colorbar_test.v Line: 172
Warning (10229): Verilog HDL Expression warning at VGA_colorbar_test.v(175): truncated literal to match 30 bits File: E:/study/VGA_v/rtl/VGA_colorbar_test.v Line: 175
Warning (10229): Verilog HDL Expression warning at VGA_colorbar_test.v(178): truncated literal to match 30 bits File: E:/study/VGA_v/rtl/VGA_colorbar_test.v Line: 178
Info (12021): Found 1 design units, including 1 entities, in source file /study/vga_v/rtl/vga_colorbar_test.v
    Info (12023): Found entity 1: VGA_colorbar_test File: E:/study/VGA_v/rtl/VGA_colorbar_test.v Line: 1
Warning (10236): Verilog HDL Implicit Net warning at vga.v(43): created implicit net for "CLK_to_DAC" File: E:/study/VGA_v/rtl/vga.v Line: 43
Warning (10236): Verilog HDL Implicit Net warning at VGA_colorbar_test.v(46): created implicit net for "CLK_to_DAC" File: E:/study/VGA_v/rtl/VGA_colorbar_test.v Line: 46
Warning (10236): Verilog HDL Implicit Net warning at VGA_colorbar_test.v(158): created implicit net for "x_dis" File: E:/study/VGA_v/rtl/VGA_colorbar_test.v Line: 158
Warning (10236): Verilog HDL Implicit Net warning at VGA_colorbar_test.v(159): created implicit net for "y_dis" File: E:/study/VGA_v/rtl/VGA_colorbar_test.v Line: 159
Info (12127): Elaborating entity "vga" for the top level hierarchy
Warning (10036): Verilog HDL or VHDL warning at vga.v(83): object "valid" assigned a value but never read File: E:/study/VGA_v/rtl/vga.v Line: 83
Warning (10036): Verilog HDL or VHDL warning at vga.v(84): object "x_dis" assigned a value but never read File: E:/study/VGA_v/rtl/vga.v Line: 84
Warning (10036): Verilog HDL or VHDL warning at vga.v(85): object "y_dis" assigned a value but never read File: E:/study/VGA_v/rtl/vga.v Line: 85
Warning (10230): Verilog HDL assignment warning at vga.v(54): truncated value with size 32 to match size of target (11) File: E:/study/VGA_v/rtl/vga.v Line: 54
Warning (10230): Verilog HDL assignment warning at vga.v(67): truncated value with size 32 to match size of target (11) File: E:/study/VGA_v/rtl/vga.v Line: 67
Warning (10230): Verilog HDL assignment warning at vga.v(109): truncated value with size 9 to match size of target (8) File: E:/study/VGA_v/rtl/vga.v Line: 109
Warning (13024): Output pins are stuck at VCC or GND
    Warning (13410): Pin "VGA_SYNC" is stuck at GND File: E:/study/VGA_v/rtl/vga.v Line: 12
    Warning (13410): Pin "VGA_R[0]" is stuck at GND File: E:/study/VGA_v/rtl/vga.v Line: 13
    Warning (13410): Pin "VGA_R[1]" is stuck at GND File: E:/study/VGA_v/rtl/vga.v Line: 13
    Warning (13410): Pin "VGA_R[2]" is stuck at GND File: E:/study/VGA_v/rtl/vga.v Line: 13
    Warning (13410): Pin "VGA_R[3]" is stuck at GND File: E:/study/VGA_v/rtl/vga.v Line: 13
    Warning (13410): Pin "VGA_B[0]" is stuck at GND File: E:/study/VGA_v/rtl/vga.v Line: 13
    Warning (13410): Pin "VGA_B[1]" is stuck at GND File: E:/study/VGA_v/rtl/vga.v Line: 13
    Warning (13410): Pin "VGA_B[2]" is stuck at GND File: E:/study/VGA_v/rtl/vga.v Line: 13
    Warning (13410): Pin "VGA_B[3]" is stuck at GND File: E:/study/VGA_v/rtl/vga.v Line: 13
    Warning (13410): Pin "VGA_B[4]" is stuck at GND File: E:/study/VGA_v/rtl/vga.v Line: 13
    Warning (13410): Pin "VGA_B[5]" is stuck at GND File: E:/study/VGA_v/rtl/vga.v Line: 13
    Warning (13410): Pin "VGA_B[6]" is stuck at GND File: E:/study/VGA_v/rtl/vga.v Line: 13
    Warning (13410): Pin "VGA_B[7]" is stuck at GND File: E:/study/VGA_v/rtl/vga.v Line: 13
    Warning (13410): Pin "VGA_G[0]" is stuck at GND File: E:/study/VGA_v/rtl/vga.v Line: 13
    Warning (13410): Pin "VGA_G[1]" is stuck at GND File: E:/study/VGA_v/rtl/vga.v Line: 13
    Warning (13410): Pin "VGA_G[2]" is stuck at GND File: E:/study/VGA_v/rtl/vga.v Line: 13
    Warning (13410): Pin "VGA_G[3]" is stuck at GND File: E:/study/VGA_v/rtl/vga.v Line: 13
    Warning (13410): Pin "VGA_G[4]" is stuck at GND File: E:/study/VGA_v/rtl/vga.v Line: 13
    Warning (13410): Pin "VGA_G[5]" is stuck at GND File: E:/study/VGA_v/rtl/vga.v Line: 13
    Warning (13410): Pin "VGA_G[6]" is stuck at GND File: E:/study/VGA_v/rtl/vga.v Line: 13
    Warning (13410): Pin "VGA_G[7]" is stuck at GND File: E:/study/VGA_v/rtl/vga.v Line: 13
Info (286030): Timing-Driven Synthesis is running
Info (16010): Generating hard_block partition "hard_block:auto_generated_inst"
    Info (16011): Adding 0 node(s), including 0 DDIO, 0 PLL, 0 transceiver and 0 LCELL
Info (21057): Implemented 337 device resources after synthesis - the final resource count might be different
    Info (21058): Implemented 1 input pins
    Info (21059): Implemented 29 output pins
    Info (21061): Implemented 307 logic cells
Info: Quartus Prime Analysis & Synthesis was successful. 0 errors, 37 warnings
    Info: Peak virtual memory: 4839 megabytes
    Info: Processing ended: Tue May 21 14:50:59 2024
    Info: Elapsed time: 00:00:14
    Info: Total CPU time (on all processors): 00:00:04


